<?xml version="1.0" encoding="UTF-8"?>
<testng-results ignored="0" total="2" passed="2" failed="0" skipped="0">
  <reporter-output>
  </reporter-output>
  <suite started-at="2025-02-17T11:41:39 IST" name="Master Suite" finished-at="2025-02-17T11:41:50 IST" duration-ms="11174">
    <groups>
      <group name="Master">
        <method signature="TC0001_RegisterAcntTest.createAcnt()[pri:0, instance:testCases.TC0001_RegisterAcntTest@6f7923a5]" name="createAcnt" class="testCases.TC0001_RegisterAcntTest"/>
        <method signature="TC0002_LoginPageTest.verifyLoginPage()[pri:0, instance:testCases.TC0002_LoginPageTest@6c2ed0cd]" name="verifyLoginPage" class="testCases.TC0002_LoginPageTest"/>
      </group> <!-- Master -->
      <group name="Sanity">
        <method signature="TC0001_RegisterAcntTest.createAcnt()[pri:0, instance:testCases.TC0001_RegisterAcntTest@6f7923a5]" name="createAcnt" class="testCases.TC0001_RegisterAcntTest"/>
        <method signature="TC0002_LoginPageTest.verifyLoginPage()[pri:0, instance:testCases.TC0002_LoginPageTest@6c2ed0cd]" name="verifyLoginPage" class="testCases.TC0002_LoginPageTest"/>
      </group> <!-- Sanity -->
      <group name="Regresion">
        <method signature="TC0002_LoginPageTest.verifyLoginPage()[pri:0, instance:testCases.TC0002_LoginPageTest@6c2ed0cd]" name="verifyLoginPage" class="testCases.TC0002_LoginPageTest"/>
      </group> <!-- Regresion -->
    </groups>
    <test started-at="2025-02-17T11:41:39 IST" name="Test" finished-at="2025-02-17T11:41:50 IST" duration-ms="11174">
      <class name="testCases.TC0002_LoginPageTest">
        <test-method is-config="true" signature="setup(java.lang.String,java.lang.String)[pri:0, instance:testCases.TC0002_LoginPageTest@6c2ed0cd]" started-at="2025-02-17T11:41:46 IST" name="setup" finished-at="2025-02-17T11:41:48 IST" duration-ms="2349" status="PASS">
          <params>
            <param index="0">
              <value>
                <![CDATA[windows]]>
              </value>
            </param>
            <param index="1">
              <value>
                <![CDATA[chrome]]>
              </value>
            </param>
          </params>
          <reporter-output>
          </reporter-output>
        </test-method> <!-- setup -->
        <test-method signature="verifyLoginPage()[pri:0, instance:testCases.TC0002_LoginPageTest@6c2ed0cd]" started-at="2025-02-17T11:41:48 IST" name="verifyLoginPage" finished-at="2025-02-17T11:41:50 IST" duration-ms="2085" status="PASS">
          <reporter-output>
          </reporter-output>
        </test-method> <!-- verifyLoginPage -->
        <test-method is-config="true" signature="TearDown()[pri:0, instance:testCases.TC0002_LoginPageTest@6c2ed0cd]" started-at="2025-02-17T11:41:50 IST" name="TearDown" finished-at="2025-02-17T11:41:50 IST" duration-ms="210" status="PASS">
          <reporter-output>
          </reporter-output>
        </test-method> <!-- TearDown -->
      </class> <!-- testCases.TC0002_LoginPageTest -->
      <class name="testCases.TC0001_RegisterAcntTest">
        <test-method is-config="true" signature="setup(java.lang.String,java.lang.String)[pri:0, instance:testCases.TC0001_RegisterAcntTest@6f7923a5]" started-at="2025-02-17T11:41:39 IST" name="setup" finished-at="2025-02-17T11:41:42 IST" duration-ms="3109" status="PASS">
          <params>
            <param index="0">
              <value>
                <![CDATA[windows]]>
              </value>
            </param>
            <param index="1">
              <value>
                <![CDATA[chrome]]>
              </value>
            </param>
          </params>
          <reporter-output>
          </reporter-output>
        </test-method> <!-- setup -->
        <test-method signature="createAcnt()[pri:0, instance:testCases.TC0001_RegisterAcntTest@6f7923a5]" started-at="2025-02-17T11:41:42 IST" name="createAcnt" finished-at="2025-02-17T11:41:45 IST" duration-ms="2861" status="PASS">
          <reporter-output>
          </reporter-output>
        </test-method> <!-- createAcnt -->
        <test-method is-config="true" signature="TearDown()[pri:0, instance:testCases.TC0001_RegisterAcntTest@6f7923a5]" started-at="2025-02-17T11:41:45 IST" name="TearDown" finished-at="2025-02-17T11:41:46 IST" duration-ms="224" status="PASS">
          <reporter-output>
          </reporter-output>
        </test-method> <!-- TearDown -->
      </class> <!-- testCases.TC0001_RegisterAcntTest -->
    </test> <!-- Test -->
  </suite> <!-- Master Suite -->
</testng-results>
